<?xml version="1.0" encoding="UTF-8" ?>
<testsuite tests="5" failures="0" name="com.coletivia.LoginTest" time="16.805" errors="0" skipped="0">
  <properties>
[...]
</properties>
  <testcase classname="com.coletivia.LoginTest" name="testForgotPasswordNavigation" time="3.585"/>
  <testcase classname="com.coletivia.LoginTest" name="testLoginSuccess" time="3.662"/>
  <testcase classname="com.coletivia.LoginTest" name="testLoginFailure" time="3.182"/>
  <testcase classname="com.coletivia.LoginTest" name="testGoogleLoginRedirect" time="3.512"/>
  <testcase classname="com.coletivia.LoginTest" name="testRegistrationNavigation" time="2.864"/>
</testsuite>